[debug] [2020-01-14T06:41:50.581Z] ----------------------------------------------------------------------
[debug] [2020-01-14T06:41:50.583Z] Command:       C:\Program Files\nodejs\node.exe C:\Users\arnabkumard\AppData\Roaming\npm\node_modules\firebase-tools\lib\bin\firebase.js init
[debug] [2020-01-14T06:41:50.584Z] CLI Version:   7.12.0
[debug] [2020-01-14T06:41:50.584Z] Platform:      win32
[debug] [2020-01-14T06:41:50.584Z] Node Version:  v12.13.1
[debug] [2020-01-14T06:41:50.586Z] Time:          Tue Jan 14 2020 12:11:50 GMT+0530 (India Standard Time)
[debug] [2020-01-14T06:41:50.586Z] ----------------------------------------------------------------------
[debug] [2020-01-14T06:41:50.586Z] 
[debug] [2020-01-14T06:41:50.594Z] > command requires scopes: ["email","openid","https://www.googleapis.com/auth/cloudplatformprojects.readonly","https://www.googleapis.com/auth/firebase","https://www.googleapis.com/auth/cloud-platform"]
[debug] [2020-01-14T06:41:50.595Z] > authorizing via signed-in user
[info] 
     ######## #### ########  ######## ########     ###     ######  ########
     ##        ##  ##     ## ##       ##     ##  ##   ##  ##       ##
     ######    ##  ########  ######   ########  #########  ######  ######
     ##        ##  ##    ##  ##       ##     ## ##     ##       ## ##
     ##       #### ##     ## ######## ########  ##     ##  ######  ########

You're about to initialize a Firebase project in this directory:

  C:\Users\arnabkumard\Desktop\myApp

[info] 
=== Project Setup
[info] 
[info] First, let's associate this project directory with a Firebase project.
[info] You can create multiple project aliases by running firebase use --add, 
[info] but for now we'll just set up a default project.
[info] 
[debug] [2020-01-14T06:42:48.362Z] > refreshing access token with scopes: ["email","https://www.googleapis.com/auth/cloud-platform","https://www.googleapis.com/auth/cloudplatformprojects.readonly","https://www.googleapis.com/auth/firebase","openid"]
[debug] [2020-01-14T06:42:48.363Z] >>> HTTP REQUEST POST https://www.googleapis.com/oauth2/v3/token  
 <request body omitted>
[debug] [2020-01-14T06:42:48.614Z] <<< HTTP RESPONSE 200
[debug] [2020-01-14T06:42:48.670Z] >>> HTTP REQUEST GET https://firebase.googleapis.com/v1beta1/projects?pageSize=100  
 
[debug] [2020-01-14T06:42:49.293Z] <<< HTTP RESPONSE 200
[info] i  Using project testingfirebase-334ba (TestingFirebase)
[info] 
=== Database Setup
[info] 
[info] Firebase Realtime Database Rules allow you to define how your data should be
[info] structured and when your data can be read from and written to.
[info] 
[debug] [2020-01-14T06:43:07.503Z] >>> HTTP REQUEST GET https://testingfirebase-334ba.firebaseio.com/.settings/rules.json  
 
[debug] [2020-01-14T06:43:09.450Z] <<< HTTP RESPONSE 200
[debug] [2020-01-14T06:43:09.462Z] Error: EISDIR: illegal operation on a directory, open 'C:\Users\arnabkumard\Desktop\myApp'
    at Object.openSync (fs.js:440:3)
    at Object.writeFileSync (fs.js:1265:35)
    at Config.writeProjectFile (C:\Users\arnabkumard\AppData\Roaming\npm\node_modules\firebase-tools\lib\config.js:179:8)
    at C:\Users\arnabkumard\AppData\Roaming\npm\node_modules\firebase-tools\lib\init\features\database.js:25:23
    at processTicksAndRejections (internal/process/task_queues.js:93:5)
[error] 
[error] Error: An unexpected error has occurred.
